<?xml version="1.0" encoding="UTF-8" ?>
<testsuite tests="6" failures="0" name="Testing.PedidoTest" time="1.783" errors="0" skipped="0">
  <properties>
[...]
</properties>
  <testcase classname="Testing.PedidoTest" name="given_objComprar_when_then_ok" time="1.769"/>
  <testcase classname="Testing.PedidoTest" name="given_objComprar_when_then_false" time="0.003"/>
  <testcase classname="Testing.PedidoTest" name="given_objComprar_when_then_equals" time="0.004"/>
  <testcase classname="Testing.PedidoTest" name="given_objComprar_when_then_fail" time="0.002"/>
  <testcase classname="Testing.PedidoTest" name="given_objComprar_when_then_null" time="0.003"/>
  <testcase classname="Testing.PedidoTest" name="given_objComprar_when_then_true" time="0.002"/>
</testsuite>